<?xml version="1.0" encoding="UTF-8"?>
<testng-results skipped="0" failed="0" ignored="0" total="0" passed="0">
  <reporter-output>
  </reporter-output>
  <suite name="com.techfios.junePomProject.AppTest" duration-ms="9" started-at="2020-11-08T16:20:31Z" finished-at="2020-11-08T16:20:31Z">
    <groups>
    </groups>
    <test name="Command line test" duration-ms="9" started-at="2020-11-08T16:20:31Z" finished-at="2020-11-08T16:20:31Z">
    </test> <!-- Command line test -->
  </suite> <!-- com.techfios.junePomProject.AppTest -->
</testng-results>
