<?xml version="1.0" encoding="UTF-8"?>
<testng-results skipped="0" failed="0" ignored="0" total="1" passed="1">
  <reporter-output>
  </reporter-output>
  <suite name="Default suite" duration-ms="16392" started-at="2020-12-14T20:53:53 CST" finished-at="2020-12-14T20:54:10 CST">
    <groups>
    </groups>
    <test name="Default test" duration-ms="16392" started-at="2020-12-14T20:53:53 CST" finished-at="2020-12-14T20:54:10 CST">
      <class name="test.AddCustomerTest">
        <test-method status="PASS" signature="usershouldbeabletoaddcustomer()[pri:0, instance:test.AddCustomerTest@6321e813]" name="usershouldbeabletoaddcustomer" duration-ms="16332" started-at="2020-12-14T20:53:53 CST" finished-at="2020-12-14T20:54:10 CST">
          <reporter-output>
          </reporter-output>
        </test-method> <!-- usershouldbeabletoaddcustomer -->
      </class> <!-- test.AddCustomerTest -->
    </test> <!-- Default test -->
  </suite> <!-- Default suite -->
</testng-results>
